<?xml version="1.0" encoding="UTF-8"?>
<!-- Generated by org.testng.reporters.JUnitReportReporter -->
<testsuite hostname="LAPTOP-ESEL78H9" failures="0" tests="1" name="RestAssuredAPITest.RestAssuredAPITest.Demo1_GETR" time="3.622" errors="0" timestamp="2020-03-31T18:06:16 PST" skipped="0">
  <testcase classname="RestAssuredAPITest.RestAssuredAPITest.Demo1_GETR" name="getbagyo" time="3.622"/>
  <system-out/>
</testsuite> <!-- RestAssuredAPITest.RestAssuredAPITest.Demo1_GETR -->
